# JRE version: Java(TM) SE Runtime Environment (8.0_333-b02) (build 1.8.0_333-b02)
# Java VM: Java HotSpot(TM) 64-Bit Server VM (25.333-b02 mixed mode windows-amd64 compressed oops)
Heap:
 PSYoungGen      total 75776K, used 17301K [0x000000076b980000, 0x0000000770e00000, 0x00000007c0000000)
  eden space 65024K, 16% used [0x000000076b980000,0x000000076c42f140,0x000000076f900000)
  from space 10752K, 59% used [0x0000000770380000,0x00000007709b6328,0x0000000770e00000)
  to   space 10752K, 0% used [0x000000076f900000,0x000000076f900000,0x0000000770380000)
 ParOldGen       total 120832K, used 1896K [0x00000006c2c00000, 0x00000006ca200000, 0x000000076b980000)
  object space 120832K, 1% used [0x00000006c2c00000,0x00000006c2dda3b0,0x00000006ca200000)
 Metaspace       used 14713K, capacity 15984K, committed 16256K, reserved 1067008K
  class space    used 1884K, capacity 2134K, committed 2176K, reserved 1048576K
GC Heap History (6 events):
Event: 0.215 GC heap before
{Heap before GC invocations=1 (full 0):
 PSYoungGen      total 75776K, used 13023K [0x000000076b980000, 0x0000000770e00000, 0x00000007c0000000)
  eden space 65024K, 20% used [0x000000076b980000,0x000000076c637d80,0x000000076f900000)
  from space 10752K, 0% used [0x0000000770380000,0x0000000770380000,0x0000000770e00000)
  to   space 10752K, 0% used [0x000000076f900000,0x000000076f900000,0x0000000770380000)
 ParOldGen       total 173568K, used 0K [0x00000006c2c00000, 0x00000006cd580000, 0x000000076b980000)
  object space 173568K, 0% used [0x00000006c2c00000,0x00000006c2c00000,0x00000006cd580000)
 Metaspace       used 5701K, capacity 5868K, committed 5888K, reserved 1060864K
  class space    used 674K, capacity 758K, committed 768K, reserved 1048576K
Event: 0.216 GC heap after
Heap after GC invocations=1 (full 0):
 PSYoungGen      total 75776K, used 2108K [0x000000076b980000, 0x0000000770e00000, 0x00000007c0000000)
  eden space 65024K, 0% used [0x000000076b980000,0x000000076b980000,0x000000076f900000)
  from space 10752K, 19% used [0x000000076f900000,0x000000076fb0f120,0x0000000770380000)
  to   space 10752K, 0% used [0x0000000770380000,0x0000000770380000,0x0000000770e00000)
 ParOldGen       total 173568K, used 8K [0x00000006c2c00000, 0x00000006cd580000, 0x000000076b980000)
  object space 173568K, 0% used [0x00000006c2c00000,0x00000006c2c02000,0x00000006cd580000)
 Metaspace       used 5701K, capacity 5868K, committed 5888K, reserved 1060864K
  class space    used 674K, capacity 758K, committed 768K, reserved 1048576K
}
Event: 0.217 GC heap before
{Heap before GC invocations=2 (full 1):
 PSYoungGen      total 75776K, used 2108K [0x000000076b980000, 0x0000000770e00000, 0x00000007c0000000)
  eden space 65024K, 0% used [0x000000076b980000,0x000000076b980000,0x000000076f900000)
  from space 10752K, 19% used [0x000000076f900000,0x000000076fb0f120,0x0000000770380000)
  to   space 10752K, 0% used [0x0000000770380000,0x0000000770380000,0x0000000770e00000)
 ParOldGen       total 173568K, used 8K [0x00000006c2c00000, 0x00000006cd580000, 0x000000076b980000)
  object space 173568K, 0% used [0x00000006c2c00000,0x00000006c2c02000,0x00000006cd580000)
 Metaspace       used 5701K, capacity 5868K, committed 5888K, reserved 1060864K
  class space    used 674K, capacity 758K, committed 768K, reserved 1048576K
Event: 0.223 GC heap after
Heap after GC invocations=2 (full 1):
 PSYoungGen      total 75776K, used 0K [0x000000076b980000, 0x0000000770e00000, 0x00000007c0000000)
  eden space 65024K, 0% used [0x000000076b980000,0x000000076b980000,0x000000076f900000)
  from space 10752K, 0% used [0x000000076f900000,0x000000076f900000,0x0000000770380000)
  to   space 10752K, 0% used [0x0000000770380000,0x0000000770380000,0x0000000770e00000)
 ParOldGen       total 120832K, used 1888K [0x00000006c2c00000, 0x00000006ca200000, 0x000000076b980000)
  object space 120832K, 1% used [0x00000006c2c00000,0x00000006c2dd83b0,0x00000006ca200000)
 Metaspace       used 5701K, capacity 5868K, committed 5888K, reserved 1058816K
  class space    used 674K, capacity 758K, committed 768K, reserved 1048576K
}
Event: 0.641 GC heap before
{Heap before GC invocations=3 (full 1):
 PSYoungGen      total 75776K, used 65024K [0x000000076b980000, 0x0000000770e00000, 0x00000007c0000000)
  eden space 65024K, 100% used [0x000000076b980000,0x000000076f900000,0x000000076f900000)
  from space 10752K, 0% used [0x000000076f900000,0x000000076f900000,0x0000000770380000)
  to   space 10752K, 0% used [0x0000000770380000,0x0000000770380000,0x0000000770e00000)
 ParOldGen       total 120832K, used 1888K [0x00000006c2c00000, 0x00000006ca200000, 0x000000076b980000)
  object space 120832K, 1% used [0x00000006c2c00000,0x00000006c2dd83b0,0x00000006ca200000)
 Metaspace       used 13930K, capacity 15066K, committed 15104K, reserved 1064960K
  class space    used 1764K, capacity 2011K, committed 2048K, reserved 1048576K
Event: 0.645 GC heap after
Heap after GC invocations=3 (full 1):
 PSYoungGen      total 75776K, used 6360K [0x000000076b980000, 0x0000000770e00000, 0x00000007c0000000)
  eden space 65024K, 0% used [0x000000076b980000,0x000000076b980000,0x000000076f900000)
  from space 10752K, 59% used [0x0000000770380000,0x00000007709b6328,0x0000000770e00000)
  to   space 10752K, 0% used [0x000000076f900000,0x000000076f900000,0x0000000770380000)
 ParOldGen       total 120832K, used 1896K [0x00000006c2c00000, 0x00000006ca200000, 0x000000076b980000)
  object space 120832K, 1% used [0x00000006c2c00000,0x00000006c2dda3b0,0x00000006ca200000)
 Metaspace       used 13930K, capacity 15066K, committed 15104K, reserved 1064960K
  class space    used 1764K, capacity 2011K, committed 2048K, reserved 1048576K
}

